<?xml version="1.0" encoding="UTF-8"?>
<testsuite name="com.auth0.samples.authapi.AuthApiApplicationTests" tests="1" skipped="0" failures="0" errors="0" timestamp="2018-04-08T11:48:33" hostname="wakko" time="0.068">
  <properties/>
  <testcase name="contextLoads" classname="com.auth0.samples.authapi.AuthApiApplicationTests" time="0.068"/>
  <system-out><![CDATA[08:48:28,423 |-INFO in ch.qos.logback.classic.LoggerContext[default] - Could NOT find resource [logback-test.xml]
08:48:28,423 |-INFO in ch.qos.logback.classic.LoggerContext[default] - Found resource [logback.groovy] at [file:/home/rodrigo/Workspace/auth0/spring-boot-jwt/tasks/build/resources/main/logback.groovy]
08:48:29,065 |-INFO in ch.qos.logback.classic.gaffer.ConfigurationDelegate@600361ba - About to instantiate appender of type [ch.qos.logback.core.ConsoleAppender]
08:48:29,067 |-INFO in ch.qos.logback.classic.gaffer.ConfigurationDelegate@600361ba - Naming appender as [CONSOLE]
08:48:29,152 |-INFO in ch.qos.logback.classic.gaffer.ConfigurationDelegate@600361ba - About to instantiate appender of type [ch.qos.logback.core.rolling.RollingFileAppender]
08:48:29,153 |-INFO in ch.qos.logback.classic.gaffer.ConfigurationDelegate@600361ba - Naming appender as [FILE]
08:48:29,184 |-INFO in c.q.l.core.rolling.TimeBasedRollingPolicy@493602800 - No compression will be used
08:48:29,185 |-INFO in c.q.l.core.rolling.TimeBasedRollingPolicy@493602800 - Will use the pattern /home/rodrigo/.local/var/log/auth0/archived/app.%d{yyyy-MM-dd}.%i.log for the active file
08:48:29,188 |-INFO in ch.qos.logback.core.rolling.SizeAndTimeBasedFNATP@67e61f57 - The date pattern is 'yyyy-MM-dd' from file name pattern '/home/rodrigo/.local/var/log/auth0/archived/app.%d{yyyy-MM-dd}.%i.log'.
08:48:29,188 |-INFO in ch.qos.logback.core.rolling.SizeAndTimeBasedFNATP@67e61f57 - Roll-over at midnight.
08:48:29,191 |-INFO in ch.qos.logback.core.rolling.SizeAndTimeBasedFNATP@67e61f57 - Setting initial period to Sun Apr 08 08:45:41 BRT 2018
08:48:29,191 |-WARN in ch.qos.logback.core.rolling.SizeAndTimeBasedFNATP@67e61f57 - SizeAndTimeBasedFNATP is deprecated. Use SizeAndTimeBasedRollingPolicy instead
08:48:29,191 |-WARN in ch.qos.logback.core.rolling.SizeAndTimeBasedFNATP@67e61f57 - For more information see http://logback.qos.ch/manual/appenders.html#SizeAndTimeBasedRollingPolicy
08:48:29,193 |-INFO in ch.qos.logback.core.rolling.RollingFileAppender[FILE] - Active log file name: /home/rodrigo/.local/var/log/auth0/app.log
08:48:29,193 |-INFO in ch.qos.logback.core.rolling.RollingFileAppender[FILE] - File property is set to [/home/rodrigo/.local/var/log/auth0/app.log]
08:48:29,195 |-INFO in ch.qos.logback.classic.gaffer.ConfigurationDelegate@600361ba - Setting level of logger [ch.qos.logback] to ERROR
08:48:29,200 |-INFO in ch.qos.logback.classic.gaffer.ConfigurationDelegate@600361ba - Attaching appender named [CONSOLE] to Logger[ch.qos.logback]
08:48:29,201 |-INFO in ch.qos.logback.classic.gaffer.ConfigurationDelegate@600361ba - Setting level of logger [org.springframework] to WARN
08:48:29,201 |-INFO in ch.qos.logback.classic.gaffer.ConfigurationDelegate@600361ba - Attaching appender named [FILE] to Logger[org.springframework]
08:48:29,201 |-INFO in ch.qos.logback.classic.gaffer.ConfigurationDelegate@600361ba - Attaching appender named [CONSOLE] to Logger[org.springframework]
08:48:29,201 |-INFO in ch.qos.logback.classic.gaffer.ConfigurationDelegate@600361ba - Setting level of logger [com.auth0] to DEBUG
08:48:29,201 |-INFO in ch.qos.logback.classic.gaffer.ConfigurationDelegate@600361ba - Attaching appender named [FILE] to Logger[com.auth0]
08:48:29,201 |-INFO in ch.qos.logback.classic.gaffer.ConfigurationDelegate@600361ba - Attaching appender named [CONSOLE] to Logger[com.auth0]
08:48:29,203 |-INFO in ch.qos.logback.classic.gaffer.ConfigurationDelegate@600361ba - Setting level of logger [ROOT] to WARN
08:48:29,203 |-INFO in ch.qos.logback.classic.gaffer.ConfigurationDelegate@600361ba - Attaching appender named [FILE] to Logger[ROOT]
08:48:29,203 |-INFO in ch.qos.logback.classic.gaffer.ConfigurationDelegate@600361ba - Attaching appender named [CONSOLE] to Logger[ROOT]


  .   ____          _            __ _ _
 /\\ / ___'_ __ _ _(_)_ __  __ _ \ \ \ \
( ( )\___ | '_ | '_| | '_ \/ _` | \ \ \ \
 \\/  ___)| |_)| | | | | || (_| |  ) ) ) )
  '  |____| .__|_| |_|_| |_\__, | / / / /
 =========|_|==============|___/=/_/_/_/
 :: Spring Boot ::        (v2.0.1.RELEASE)

2018-04-08 08:48:29 >> 1457 [Test worker] INFO  c.a.s.a.AuthApiApplicationTests - Starting AuthApiApplicationTests on wakko with PID 13353 (started by rodrigo in /home/rodrigo/Workspace/auth0/spring-boot-jwt/tasks)
2018-04-08 08:48:29 >> 1459 [Test worker] DEBUG c.a.s.a.AuthApiApplicationTests - Running with Spring Boot v2.0.1.RELEASE, Spring v5.0.5.RELEASE
2018-04-08 08:48:29 >> 1460 [Test worker] INFO  c.a.s.a.AuthApiApplicationTests - No active profile set, falling back to default profiles: default
2018-04-08 08:48:33 >> 4936 [Test worker] WARN  o.s.b.a.o.j.JpaBaseConfiguration$JpaWebConfiguration$JpaWebMvcConfiguration - spring.jpa.open-in-view is enabled by default. Therefore, database queries may be performed during view rendering. Explicitly configure spring.jpa.open-in-view to disable this warning
2018-04-08 08:48:33 >> 5307 [Test worker] INFO  c.a.s.a.AuthApiApplicationTests - Started AuthApiApplicationTests in 4.161 seconds (JVM running for 5.76)
]]></system-out>
  <system-err><![CDATA[]]></system-err>
</testsuite>
